{
    "contracts/DeploymentRegistry.sol": {
        "l": {
            "19": 7,
            "23": 4,
            "24": 3,
            "28": 4,
            "29": 3,
            "37": 3,
            "40": 3
        },
        "path": "/root/projects/BBIAT/contracts/contracts/DeploymentRegistry.sol",
        "s": {
            "1": 4,
            "2": 4,
            "3": 3
        },
        "b": {
            "1": [
                3,
                1
            ],
            "2": [
                3,
                1
            ],
            "3": [
                3,
                1
            ]
        },
        "f": {
            "1": 7,
            "2": 4,
            "3": 4,
            "4": 3
        },
        "fnMap": {
            "1": {
                "name": "constructor",
                "line": 18,
                "loc": {
                    "start": {
                        "line": 18,
                        "column": 4
                    },
                    "end": {
                        "line": 20,
                        "column": 4
                    }
                }
            },
            "2": {
                "name": "onlyAuthorized",
                "line": 22,
                "loc": {
                    "start": {
                        "line": 22,
                        "column": 4
                    },
                    "end": {
                        "line": 25,
                        "column": 4
                    }
                }
            },
            "3": {
                "name": "authorizePipeline",
                "line": 27,
                "loc": {
                    "start": {
                        "line": 27,
                        "column": 4
                    },
                    "end": {
                        "line": 30,
                        "column": 4
                    }
                }
            },
            "4": {
                "name": "recordDeployment",
                "line": 36,
                "loc": {
                    "start": {
                        "line": 32,
                        "column": 4
                    },
                    "end": {
                        "line": 41,
                        "column": 4
                    }
                }
            }
        },
        "statementMap": {
            "1": {
                "start": {
                    "line": 23,
                    "column": 8
                },
                "end": {
                    "line": 23,
                    "column": 77
                }
            },
            "2": {
                "start": {
                    "line": 28,
                    "column": 8
                },
                "end": {
                    "line": 28,
                    "column": 49
                }
            },
            "3": {
                "start": {
                    "line": 37,
                    "column": 8
                },
                "end": {
                    "line": 37,
                    "column": 938
                }
            }
        },
        "branchMap": {
            "1": {
                "line": 23,
                "type": "if",
                "locations": [
                    {
                        "start": {
                            "line": 23,
                            "column": 8
                        },
                        "end": {
                            "line": 23,
                            "column": 8
                        }
                    },
                    {
                        "start": {
                            "line": 23,
                            "column": 8
                        },
                        "end": {
                            "line": 23,
                            "column": 8
                        }
                    }
                ]
            },
            "2": {
                "line": 28,
                "type": "if",
                "locations": [
                    {
                        "start": {
                            "line": 28,
                            "column": 8
                        },
                        "end": {
                            "line": 28,
                            "column": 8
                        }
                    },
                    {
                        "start": {
                            "line": 28,
                            "column": 8
                        },
                        "end": {
                            "line": 28,
                            "column": 8
                        }
                    }
                ]
            },
            "3": {
                "line": 36,
                "type": "if",
                "locations": [
                    {
                        "start": {
                            "line": 36,
                            "column": 15
                        },
                        "end": {
                            "line": 36,
                            "column": 15
                        }
                    },
                    {
                        "start": {
                            "line": 36,
                            "column": 15
                        },
                        "end": {
                            "line": 36,
                            "column": 15
                        }
                    }
                ]
            }
        }
    }
}